# JRE version: OpenJDK Runtime Environment Temurin-21.0.10+7 (21.0.10+7) (build 21.0.10+7-LTS)
# Java VM: OpenJDK 64-Bit Server VM Temurin-21.0.10+7 (21.0.10+7-LTS, mixed mode, sharing, tiered, compressed oops, compressed class ptrs, parallel gc, windows-amd64)
GC Precious Log:
 CardTable entry size: 512
 CPUs: 6 total, 6 available
 Memory: 16323M
 Large Page Support: Disabled
 NUMA Support: Disabled
 Compressed Oops: Enabled (32-bit)
 Alignments: Space 512K, Generation 512K, Heap 2M
 Heap Min Capacity: 100M
 Heap Initial Capacity: 100M
 Heap Max Capacity: 2G
 Pre-touch: Disabled
 Parallel Workers: 6
Heap:
 PSYoungGen      total 7168K, used 6426K [0x00000000d5580000, 0x00000000d6100000, 0x0000000100000000)
  eden space 6656K, 90% used [0x00000000d5580000,0x00000000d5b659f8,0x00000000d5c00000)
  from space 512K, 75% used [0x00000000d6000000,0x00000000d6060f10,0x00000000d6080000)
  to   space 512K, 0% used [0x00000000d6080000,0x00000000d6080000,0x00000000d6100000)
 ParOldGen       total 901632K, used 900036K [0x0000000080000000, 0x00000000b7080000, 0x00000000d5580000)
  object space 901632K, 99% used [0x0000000080000000,0x00000000b6ef11a0,0x00000000b7080000)
 Metaspace       used 80967K, committed 82752K, reserved 1179648K
  class space    used 8513K, committed 9344K, reserved 1048576K
GC Heap History (20 events):
Event: 211.412 GC heap before
{Heap before GC invocations=1507 (full 3):
 PSYoungGen      total 7680K, used 7220K [0x00000000d5580000, 0x00000000d6180000, 0x0000000100000000)
  eden space 6656K, 100% used [0x00000000d5580000,0x00000000d5c00000,0x00000000d5c00000)
  from space 1024K, 55% used [0x00000000d5f80000,0x00000000d600d200,0x00000000d6080000)
  to   space 1024K, 0% used [0x00000000d6080000,0x00000000d6080000,0x00000000d6180000)
 ParOldGen       total 836608K, used 836294K [0x0000000080000000, 0x00000000b3100000, 0x00000000d5580000)
  object space 836608K, 99% used [0x0000000080000000,0x00000000b30b1ac0,0x00000000b3100000)
 Metaspace       used 80621K, committed 82368K, reserved 1179648K
  class space    used 8497K, committed 9280K, reserved 1048576K
}
Event: 211.415 GC heap after
{Heap after GC invocations=1507 (full 3):
 PSYoungGen      total 7680K, used 724K [0x00000000d5580000, 0x00000000d6180000, 0x0000000100000000)
  eden space 6656K, 0% used [0x00000000d5580000,0x00000000d5580000,0x00000000d5c00000)
  from space 1024K, 70% used [0x00000000d6080000,0x00000000d6135200,0x00000000d6180000)
  to   space 1024K, 0% used [0x00000000d5f80000,0x00000000d5f80000,0x00000000d6080000)
 ParOldGen       total 836608K, used 836310K [0x0000000080000000, 0x00000000b3100000, 0x00000000d5580000)
  object space 836608K, 99% used [0x0000000080000000,0x00000000b30b5ac0,0x00000000b3100000)
 Metaspace       used 80621K, committed 82368K, reserved 1179648K
  class space    used 8497K, committed 9280K, reserved 1048576K
}
Event: 211.805 GC heap before
{Heap before GC invocations=1508 (full 3):
 PSYoungGen      total 7680K, used 7380K [0x00000000d5580000, 0x00000000d6180000, 0x0000000100000000)
  eden space 6656K, 100% used [0x00000000d5580000,0x00000000d5c00000,0x00000000d5c00000)
  from space 1024K, 70% used [0x00000000d6080000,0x00000000d6135200,0x00000000d6180000)
  to   space 1024K, 0% used [0x00000000d5f80000,0x00000000d5f80000,0x00000000d6080000)
 ParOldGen       total 836608K, used 836310K [0x0000000080000000, 0x00000000b3100000, 0x00000000d5580000)
  object space 836608K, 99% used [0x0000000080000000,0x00000000b30b5ac0,0x00000000b3100000)
 Metaspace       used 80648K, committed 82432K, reserved 1179648K
  class space    used 8498K, committed 9280K, reserved 1048576K
}
Event: 211.809 GC heap after
{Heap after GC invocations=1508 (full 3):
 PSYoungGen      total 7680K, used 820K [0x00000000d5580000, 0x00000000d6100000, 0x0000000100000000)
  eden space 6656K, 0% used [0x00000000d5580000,0x00000000d5580000,0x00000000d5c00000)
  from space 1024K, 80% used [0x00000000d5f80000,0x00000000d604d220,0x00000000d6080000)
  to   space 512K, 0% used [0x00000000d6080000,0x00000000d6080000,0x00000000d6100000)
 ParOldGen       total 837120K, used 836899K [0x0000000080000000, 0x00000000b3180000, 0x00000000d5580000)
  object space 837120K, 99% used [0x0000000080000000,0x00000000b3148cd0,0x00000000b3180000)
 Metaspace       used 80648K, committed 82432K, reserved 1179648K
  class space    used 8498K, committed 9280K, reserved 1048576K
}
Event: 405.420 GC heap before
{Heap before GC invocations=1509 (full 3):
 PSYoungGen      total 7680K, used 7476K [0x00000000d5580000, 0x00000000d6100000, 0x0000000100000000)
  eden space 6656K, 100% used [0x00000000d5580000,0x00000000d5c00000,0x00000000d5c00000)
  from space 1024K, 80% used [0x00000000d5f80000,0x00000000d604d220,0x00000000d6080000)
  to   space 512K, 0% used [0x00000000d6080000,0x00000000d6080000,0x00000000d6100000)
 ParOldGen       total 837120K, used 836899K [0x0000000080000000, 0x00000000b3180000, 0x00000000d5580000)
  object space 837120K, 99% used [0x0000000080000000,0x00000000b3148cd0,0x00000000b3180000)
 Metaspace       used 80681K, committed 82432K, reserved 1179648K
  class space    used 8501K, committed 9280K, reserved 1048576K
}
Event: 405.424 GC heap after
{Heap after GC invocations=1509 (full 3):
 PSYoungGen      total 7168K, used 160K [0x00000000d5580000, 0x00000000d6100000, 0x0000000100000000)
  eden space 6656K, 0% used [0x00000000d5580000,0x00000000d5580000,0x00000000d5c00000)
  from space 512K, 31% used [0x00000000d6080000,0x00000000d60a8000,0x00000000d6100000)
  to   space 512K, 0% used [0x00000000d6000000,0x00000000d6000000,0x00000000d6080000)
 ParOldGen       total 837120K, used 837075K [0x0000000080000000, 0x00000000b3180000, 0x00000000d5580000)
  object space 837120K, 99% used [0x0000000080000000,0x00000000b3174cf0,0x00000000b3180000)
 Metaspace       used 80681K, committed 82432K, reserved 1179648K
  class space    used 8501K, committed 9280K, reserved 1048576K
}
Event: 405.642 GC heap before
{Heap before GC invocations=1510 (full 3):
 PSYoungGen      total 7168K, used 6816K [0x00000000d5580000, 0x00000000d6100000, 0x0000000100000000)
  eden space 6656K, 100% used [0x00000000d5580000,0x00000000d5c00000,0x00000000d5c00000)
  from space 512K, 31% used [0x00000000d6080000,0x00000000d60a8000,0x00000000d6100000)
  to   space 512K, 0% used [0x00000000d6000000,0x00000000d6000000,0x00000000d6080000)
 ParOldGen       total 837120K, used 837075K [0x0000000080000000, 0x00000000b3180000, 0x00000000d5580000)
  object space 837120K, 99% used [0x0000000080000000,0x00000000b3174cf0,0x00000000b3180000)
 Metaspace       used 80708K, committed 82432K, reserved 1179648K
  class space    used 8501K, committed 9280K, reserved 1048576K
}
Event: 405.645 GC heap after
{Heap after GC invocations=1510 (full 3):
 PSYoungGen      total 7168K, used 484K [0x00000000d5580000, 0x00000000d6100000, 0x0000000100000000)
  eden space 6656K, 0% used [0x00000000d5580000,0x00000000d5580000,0x00000000d5c00000)
  from space 512K, 94% used [0x00000000d6000000,0x00000000d6079210,0x00000000d6080000)
  to   space 512K, 0% used [0x00000000d6080000,0x00000000d6080000,0x00000000d6100000)
 ParOldGen       total 837632K, used 837267K [0x0000000080000000, 0x00000000b3200000, 0x00000000d5580000)
  object space 837632K, 99% used [0x0000000080000000,0x00000000b31a4cf0,0x00000000b3200000)
 Metaspace       used 80708K, committed 82432K, reserved 1179648K
  class space    used 8501K, committed 9280K, reserved 1048576K
}
Event: 405.856 GC heap before
{Heap before GC invocations=1511 (full 3):
 PSYoungGen      total 7168K, used 7140K [0x00000000d5580000, 0x00000000d6100000, 0x0000000100000000)
  eden space 6656K, 100% used [0x00000000d5580000,0x00000000d5c00000,0x00000000d5c00000)
  from space 512K, 94% used [0x00000000d6000000,0x00000000d6079210,0x00000000d6080000)
  to   space 512K, 0% used [0x00000000d6080000,0x00000000d6080000,0x00000000d6100000)
 ParOldGen       total 837632K, used 837267K [0x0000000080000000, 0x00000000b3200000, 0x00000000d5580000)
  object space 837632K, 99% used [0x0000000080000000,0x00000000b31a4cf0,0x00000000b3200000)
 Metaspace       used 80727K, committed 82432K, reserved 1179648K
  class space    used 8501K, committed 9280K, reserved 1048576K
}
Event: 405.858 GC heap after
{Heap after GC invocations=1511 (full 3):
 PSYoungGen      total 7168K, used 324K [0x00000000d5580000, 0x00000000d6100000, 0x0000000100000000)
  eden space 6656K, 0% used [0x00000000d5580000,0x00000000d5580000,0x00000000d5c00000)
  from space 512K, 63% used [0x00000000d6080000,0x00000000d60d1230,0x00000000d6100000)
  to   space 512K, 0% used [0x00000000d6000000,0x00000000d6000000,0x00000000d6080000)
 ParOldGen       total 838144K, used 837783K [0x0000000080000000, 0x00000000b3280000, 0x00000000d5580000)
  object space 838144K, 99% used [0x0000000080000000,0x00000000b3225f00,0x00000000b3280000)
 Metaspace       used 80727K, committed 82432K, reserved 1179648K
  class space    used 8501K, committed 9280K, reserved 1048576K
}
Event: 477.450 GC heap before
{Heap before GC invocations=1512 (full 3):
 PSYoungGen      total 7168K, used 6980K [0x00000000d5580000, 0x00000000d6100000, 0x0000000100000000)
  eden space 6656K, 100% used [0x00000000d5580000,0x00000000d5c00000,0x00000000d5c00000)
  from space 512K, 63% used [0x00000000d6080000,0x00000000d60d1230,0x00000000d6100000)
  to   space 512K, 0% used [0x00000000d6000000,0x00000000d6000000,0x00000000d6080000)
 ParOldGen       total 838144K, used 837783K [0x0000000080000000, 0x00000000b3280000, 0x00000000d5580000)
  object space 838144K, 99% used [0x0000000080000000,0x00000000b3225f00,0x00000000b3280000)
 Metaspace       used 80789K, committed 82496K, reserved 1179648K
  class space    used 8511K, committed 9280K, reserved 1048576K
}
Event: 477.452 GC heap after
{Heap after GC invocations=1512 (full 3):
 PSYoungGen      total 7168K, used 288K [0x00000000d5580000, 0x00000000d6100000, 0x0000000100000000)
  eden space 6656K, 0% used [0x00000000d5580000,0x00000000d5580000,0x00000000d5c00000)
  from space 512K, 56% used [0x00000000d6000000,0x00000000d6048000,0x00000000d6080000)
  to   space 512K, 0% used [0x00000000d6080000,0x00000000d6080000,0x00000000d6100000)
 ParOldGen       total 838144K, used 837871K [0x0000000080000000, 0x00000000b3280000, 0x00000000d5580000)
  object space 838144K, 99% used [0x0000000080000000,0x00000000b323bf20,0x00000000b3280000)
 Metaspace       used 80789K, committed 82496K, reserved 1179648K
  class space    used 8511K, committed 9280K, reserved 1048576K
}
Event: 477.505 GC heap before
{Heap before GC invocations=1513 (full 3):
 PSYoungGen      total 7168K, used 6669K [0x00000000d5580000, 0x00000000d6100000, 0x0000000100000000)
  eden space 6656K, 95% used [0x00000000d5580000,0x00000000d5bbb4c8,0x00000000d5c00000)
  from space 512K, 56% used [0x00000000d6000000,0x00000000d6048000,0x00000000d6080000)
  to   space 512K, 0% used [0x00000000d6080000,0x00000000d6080000,0x00000000d6100000)
 ParOldGen       total 869888K, used 868591K [0x0000000080000000, 0x00000000b5180000, 0x00000000d5580000)
  object space 869888K, 99% used [0x0000000080000000,0x00000000b503bf50,0x00000000b5180000)
 Metaspace       used 80829K, committed 82560K, reserved 1179648K
  class space    used 8513K, committed 9344K, reserved 1048576K
}
Event: 477.507 GC heap after
{Heap after GC invocations=1513 (full 3):
 PSYoungGen      total 7168K, used 340K [0x00000000d5580000, 0x00000000d6100000, 0x0000000100000000)
  eden space 6656K, 0% used [0x00000000d5580000,0x00000000d5580000,0x00000000d5c00000)
  from space 512K, 66% used [0x00000000d6080000,0x00000000d60d5220,0x00000000d6100000)
  to   space 512K, 0% used [0x00000000d6000000,0x00000000d6000000,0x00000000d6080000)
 ParOldGen       total 869888K, used 868671K [0x0000000080000000, 0x00000000b5180000, 0x00000000d5580000)
  object space 869888K, 99% used [0x0000000080000000,0x00000000b504ff50,0x00000000b5180000)
 Metaspace       used 80829K, committed 82560K, reserved 1179648K
  class space    used 8513K, committed 9344K, reserved 1048576K
}
Event: 477.518 GC heap before
{Heap before GC invocations=1514 (full 3):
 PSYoungGen      total 7168K, used 6671K [0x00000000d5580000, 0x00000000d6100000, 0x0000000100000000)
  eden space 6656K, 95% used [0x00000000d5580000,0x00000000d5baed18,0x00000000d5c00000)
  from space 512K, 66% used [0x00000000d6080000,0x00000000d60d5220,0x00000000d6100000)
  to   space 512K, 0% used [0x00000000d6000000,0x00000000d6000000,0x00000000d6080000)
 ParOldGen       total 869888K, used 868671K [0x0000000080000000, 0x00000000b5180000, 0x00000000d5580000)
  object space 869888K, 99% used [0x0000000080000000,0x00000000b504ff50,0x00000000b5180000)
 Metaspace       used 80829K, committed 82560K, reserved 1179648K
  class space    used 8513K, committed 9344K, reserved 1048576K
}
Event: 477.520 GC heap after
{Heap after GC invocations=1514 (full 3):
 PSYoungGen      total 7168K, used 160K [0x00000000d5580000, 0x00000000d6100000, 0x0000000100000000)
  eden space 6656K, 0% used [0x00000000d5580000,0x00000000d5580000,0x00000000d5c00000)
  from space 512K, 31% used [0x00000000d6000000,0x00000000d6028000,0x00000000d6080000)
  to   space 512K, 0% used [0x00000000d6080000,0x00000000d6080000,0x00000000d6100000)
 ParOldGen       total 869888K, used 868972K [0x0000000080000000, 0x00000000b5180000, 0x00000000d5580000)
  object space 869888K, 99% used [0x0000000080000000,0x00000000b509b170,0x00000000b5180000)
 Metaspace       used 80829K, committed 82560K, reserved 1179648K
  class space    used 8513K, committed 9344K, reserved 1048576K
}
Event: 477.530 GC heap before
{Heap before GC invocations=1515 (full 3):
 PSYoungGen      total 7168K, used 6816K [0x00000000d5580000, 0x00000000d6100000, 0x0000000100000000)
  eden space 6656K, 100% used [0x00000000d5580000,0x00000000d5c00000,0x00000000d5c00000)
  from space 512K, 31% used [0x00000000d6000000,0x00000000d6028000,0x00000000d6080000)
  to   space 512K, 0% used [0x00000000d6080000,0x00000000d6080000,0x00000000d6100000)
 ParOldGen       total 869888K, used 868972K [0x0000000080000000, 0x00000000b5180000, 0x00000000d5580000)
  object space 869888K, 99% used [0x0000000080000000,0x00000000b509b170,0x00000000b5180000)
 Metaspace       used 80832K, committed 82560K, reserved 1179648K
  class space    used 8513K, committed 9344K, reserved 1048576K
}
Event: 477.533 GC heap after
{Heap after GC invocations=1515 (full 3):
 PSYoungGen      total 7168K, used 416K [0x00000000d5580000, 0x00000000d6100000, 0x0000000100000000)
  eden space 6656K, 0% used [0x00000000d5580000,0x00000000d5580000,0x00000000d5c00000)
  from space 512K, 81% used [0x00000000d6080000,0x00000000d60e8000,0x00000000d6100000)
  to   space 512K, 0% used [0x00000000d6000000,0x00000000d6000000,0x00000000d6080000)
 ParOldGen       total 869888K, used 868996K [0x0000000080000000, 0x00000000b5180000, 0x00000000d5580000)
  object space 869888K, 99% used [0x0000000080000000,0x00000000b50a1170,0x00000000b5180000)
 Metaspace       used 80832K, committed 82560K, reserved 1179648K
  class space    used 8513K, committed 9344K, reserved 1048576K
}
Event: 477.549 GC heap before
{Heap before GC invocations=1516 (full 3):
 PSYoungGen      total 7168K, used 7054K [0x00000000d5580000, 0x00000000d6100000, 0x0000000100000000)
  eden space 6656K, 99% used [0x00000000d5580000,0x00000000d5bfb940,0x00000000d5c00000)
  from space 512K, 81% used [0x00000000d6080000,0x00000000d60e8000,0x00000000d6100000)
  to   space 512K, 0% used [0x00000000d6000000,0x00000000d6000000,0x00000000d6080000)
 ParOldGen       total 869888K, used 868996K [0x0000000080000000, 0x00000000b5180000, 0x00000000d5580000)
  object space 869888K, 99% used [0x0000000080000000,0x00000000b50a1170,0x00000000b5180000)
 Metaspace       used 80862K, committed 82624K, reserved 1179648K
  class space    used 8513K, committed 9344K, reserved 1048576K
}
Event: 477.551 GC heap after
{Heap after GC invocations=1516 (full 3):
 PSYoungGen      total 7168K, used 387K [0x00000000d5580000, 0x00000000d6100000, 0x0000000100000000)
  eden space 6656K, 0% used [0x00000000d5580000,0x00000000d5580000,0x00000000d5c00000)
  from space 512K, 75% used [0x00000000d6000000,0x00000000d6060f10,0x00000000d6080000)
  to   space 512K, 0% used [0x00000000d6080000,0x00000000d6080000,0x00000000d6100000)
 ParOldGen       total 869888K, used 869316K [0x0000000080000000, 0x00000000b5180000, 0x00000000d5580000)
  object space 869888K, 99% used [0x0000000080000000,0x00000000b50f1170,0x00000000b5180000)
 Metaspace       used 80862K, committed 82624K, reserved 1179648K
  class space    used 8513K, committed 9344K, reserved 1048576K
}

